Hello World! Running geometry optimization on input file ./data/C2H2.txt
Nuclear Repulsion Energy: 349.217 eV
Electronic energy: -779.343 eV
Total energy: -430.126 eV
SCF iteration count: 13
iterationCount: 0, previousEnergy: -430.126300, currentEnergy: -377.373867, stepSize: 0.750000
previous coordinates:
        0        0        0
   2.0787        0        0
   4.3653        0        0
   6.4440        0        0
energy gradient:
  -2.1017e+00  -1.5894e-16   1.5711e-16
  -5.4900e+00   1.3953e-15   4.4346e-16
   5.4900e+00  -2.5007e-15  -3.3987e-15
   2.1017e+00   1.2643e-15   2.7981e-15
new coordinates from applied forces:
   1.8961e-01   1.4339e-17  -1.4174e-17
   2.5740e+00  -1.2588e-16  -4.0007e-17
   3.8700e+00   2.2560e-16   3.0661e-16
   6.2544e+00  -1.1406e-16  -2.5243e-16
iterationCount: 1, previousEnergy: -430.126300, currentEnergy: -423.352535, stepSize: 0.375000
previous coordinates:
        0        0        0
   2.0787        0        0
   4.3653        0        0
   6.4440        0        0
energy gradient:
  -2.1017e+00  -1.5894e-16   1.5711e-16
  -5.4900e+00   1.3953e-15   4.4346e-16
   5.4900e+00  -2.5007e-15  -3.3987e-15
   2.1017e+00   1.2643e-15   2.7981e-15
new coordinates from applied forces:
   9.4803e-02   7.1695e-18  -7.0868e-18
   2.3263e+00  -6.2938e-17  -2.0003e-17
   4.1177e+00   1.1280e-16   1.5331e-16
   6.3492e+00  -5.7030e-17  -1.2622e-16
iterationCount: 2, previousEnergy: -430.126300, currentEnergy: -429.630568, stepSize: 0.187500
previous coordinates:
        0        0        0
   2.0787        0        0
   4.3653        0        0
   6.4440        0        0
energy gradient:
  -2.1017e+00  -1.5894e-16   1.5711e-16
  -5.4900e+00   1.3953e-15   4.4346e-16
   5.4900e+00  -2.5007e-15  -3.3987e-15
   2.1017e+00   1.2643e-15   2.7981e-15
new coordinates from applied forces:
   4.7401e-02   3.5847e-18  -3.5434e-18
   2.2025e+00  -3.1469e-17  -1.0002e-17
   4.2415e+00   5.6400e-17   7.6653e-17
   6.3966e+00  -2.8515e-17  -6.3108e-17
iterationCount: 3, previousEnergy: -430.126300, currentEnergy: -430.436631, stepSize: 0.093750
previous coordinates:
        0        0        0
   2.0787        0        0
   4.3653        0        0
   6.4440        0        0
energy gradient:
  -2.1017e+00  -1.5894e-16   1.5711e-16
  -5.4900e+00   1.3953e-15   4.4346e-16
   5.4900e+00  -2.5007e-15  -3.3987e-15
   2.1017e+00   1.2643e-15   2.7981e-15
new coordinates from applied forces:
   2.3701e-02   1.7924e-18  -1.7717e-18
   2.1406e+00  -1.5735e-17  -5.0008e-18
   4.3034e+00   2.8200e-17   3.8327e-17
   6.4203e+00  -1.4258e-17  -3.1554e-17
iterationCount: 4, previousEnergy: -430.436631, currentEnergy: -430.387182, stepSize: 0.117188
previous coordinates:
   2.3701e-02   1.7924e-18  -1.7717e-18
   2.1406e+00  -1.5735e-17  -5.0008e-18
   4.3034e+00   2.8200e-17   3.8327e-17
   6.4203e+00  -1.4258e-17  -3.1554e-17
energy gradient:
  -2.7462e+00  -9.7858e-18  -1.9261e-17
   2.6750e+00  -1.3558e-16   1.5348e-15
  -2.6750e+00   1.1014e-15  -1.4684e-16
   2.7462e+00  -9.5608e-16  -1.3687e-15
new coordinates from applied forces:
   8.3059e-02   2.0039e-18  -1.3554e-18
   2.0828e+00  -1.2804e-17  -3.8176e-17
   4.3612e+00   4.3926e-18   4.1501e-17
   6.3609e+00   6.4077e-18  -1.9694e-18
iterationCount: 5, previousEnergy: -430.436631, currentEnergy: -430.582055, stepSize: 0.058594
previous coordinates:
   2.3701e-02   1.7924e-18  -1.7717e-18
   2.1406e+00  -1.5735e-17  -5.0008e-18
   4.3034e+00   2.8200e-17   3.8327e-17
   6.4203e+00  -1.4258e-17  -3.1554e-17
energy gradient:
  -2.7462e+00  -9.7858e-18  -1.9261e-17
   2.6750e+00  -1.3558e-16   1.5348e-15
  -2.6750e+00   1.1014e-15  -1.4684e-16
   2.7462e+00  -9.5608e-16  -1.3687e-15
new coordinates from applied forces:
   5.3380e-02   1.8981e-18  -1.5635e-18
   2.1117e+00  -1.4269e-17  -2.1588e-17
   4.3323e+00   1.6296e-17   3.9914e-17
   6.3906e+00  -3.9249e-18  -1.6762e-17
iterationCount: 6, previousEnergy: -430.582055, currentEnergy: -430.641536, stepSize: 0.073242
previous coordinates:
   5.3380e-02   1.8981e-18  -1.5635e-18
   2.1117e+00  -1.4269e-17  -2.1588e-17
   4.3323e+00   1.6296e-17   3.9914e-17
   6.3906e+00  -3.9249e-18  -1.6762e-17
energy gradient:
  -1.6558e+00   4.9109e-16  -1.1958e-16
  -2.1425e+00  -3.5364e-15  -2.1918e-15
   2.1425e+00   5.5481e-15   2.6326e-15
   1.6558e+00  -2.5027e-15  -3.2128e-16
new coordinates from applied forces:
   8.5050e-02  -7.4949e-18   7.2364e-19
   2.1527e+00   5.3371e-17   2.0333e-17
   4.2913e+00  -8.9821e-17  -1.0440e-17
   6.3590e+00   4.3945e-17  -1.0617e-17
iterationCount: 7, previousEnergy: -430.641536, currentEnergy: -430.548665, stepSize: 0.091553
previous coordinates:
   8.5050e-02  -7.4949e-18   7.2364e-19
   2.1527e+00   5.3371e-17   2.0333e-17
   4.2913e+00  -8.9821e-17  -1.0440e-17
   6.3590e+00   4.3945e-17  -1.0617e-17
energy gradient:
  -1.7934e+00  -3.4136e-16   1.7515e-16
   3.5224e+00  -1.3267e-15  -2.6533e-15
  -3.5224e+00   3.3120e-15   2.1451e-15
   1.7934e+00  -1.6439e-15   3.3296e-16
new coordinates from applied forces:
   1.1442e-01  -1.9041e-18  -2.1450e-18
   2.0950e+00   7.5100e-17   6.3788e-17
   4.3490e+00  -1.4406e-16  -4.5573e-17
   6.3296e+00   7.0868e-17  -1.6070e-17
iterationCount: 8, previousEnergy: -430.641536, currentEnergy: -430.743138, stepSize: 0.045776
previous coordinates:
   8.5050e-02  -7.4949e-18   7.2364e-19
   2.1527e+00   5.3371e-17   2.0333e-17
   4.2913e+00  -8.9821e-17  -1.0440e-17
   6.3590e+00   4.3945e-17  -1.0617e-17
energy gradient:
  -1.7934e+00  -3.4136e-16   1.7515e-16
   3.5224e+00  -1.3267e-15  -2.6533e-15
  -3.5224e+00   3.3120e-15   2.1451e-15
   1.7934e+00  -1.6439e-15   3.3296e-16
new coordinates from applied forces:
   9.9736e-02  -4.6995e-18  -7.1070e-19
   2.1238e+00   6.4236e-17   4.2061e-17
   4.3202e+00  -1.1694e-16  -2.8007e-17
   6.3443e+00   5.7407e-17  -1.3343e-17
iterationCount: 9, previousEnergy: -430.743138, currentEnergy: -430.718165, stepSize: 0.057220
previous coordinates:
   9.9736e-02  -4.6995e-18  -7.1070e-19
   2.1238e+00   6.4236e-17   4.2061e-17
   4.3202e+00  -1.1694e-16  -2.8007e-17
   6.3443e+00   5.7407e-17  -1.3343e-17
energy gradient:
  -9.0199e-01  -3.8598e-17   6.0583e-16
  -1.3160e+00   3.4168e-15   2.9685e-15
   1.3160e+00  -1.9645e-15  -1.3956e-15
   9.0199e-01  -1.4138e-15  -2.1787e-15
new coordinates from applied forces:
   1.2261e-01  -3.7207e-18  -1.6074e-17
   2.1572e+00  -2.2414e-17  -3.3219e-17
   4.2868e+00  -6.7125e-17   7.3868e-18
   6.3214e+00   9.3260e-17   4.1907e-17
iterationCount: 10, previousEnergy: -430.743138, currentEnergy: -430.770099, stepSize: 0.028610
previous coordinates:
   9.9736e-02  -4.6995e-18  -7.1070e-19
   2.1238e+00   6.4236e-17   4.2061e-17
   4.3202e+00  -1.1694e-16  -2.8007e-17
   6.3443e+00   5.7407e-17  -1.3343e-17
energy gradient:
  -9.0199e-01  -3.8598e-17   6.0583e-16
  -1.3160e+00   3.4168e-15   2.9685e-15
   1.3160e+00  -1.9645e-15  -1.3956e-15
   9.0199e-01  -1.4138e-15  -2.1787e-15
new coordinates from applied forces:
   1.1117e-01  -4.2101e-18  -8.3925e-18
   2.1405e+00   2.0911e-17   4.4206e-18
   4.3035e+00  -9.2034e-17  -1.0310e-17
   6.3328e+00   7.5333e-17   1.4282e-17
iterationCount: 11, previousEnergy: -430.770099, currentEnergy: -430.769960, stepSize: 0.035763
previous coordinates:
   1.1117e-01  -4.2101e-18  -8.3925e-18
   2.1405e+00   2.0911e-17   4.4206e-18
   4.3035e+00  -9.2034e-17  -1.0310e-17
   6.3328e+00   7.5333e-17   1.4282e-17
energy gradient:
  -9.9733e-01   3.3233e-16   4.4607e-17
   1.0295e+00  -3.5331e-15  -4.1348e-15
  -1.0295e+00   3.2963e-15   4.5657e-15
   9.9733e-01  -9.5578e-17  -4.7552e-16
new coordinates from applied forces:
   1.2877e-01  -1.0073e-17  -9.1795e-18
   2.1224e+00   8.3242e-17   7.7368e-17
   4.3216e+00  -1.5019e-16  -9.0859e-17
   6.3152e+00   7.7019e-17   2.2671e-17
iterationCount: 12, previousEnergy: -430.770099, currentEnergy: -430.788150, stepSize: 0.017881
previous coordinates:
   1.1117e-01  -4.2101e-18  -8.3925e-18
   2.1405e+00   2.0911e-17   4.4206e-18
   4.3035e+00  -9.2034e-17  -1.0310e-17
   6.3328e+00   7.5333e-17   1.4282e-17
energy gradient:
  -9.9733e-01   3.3233e-16   4.4607e-17
   1.0295e+00  -3.5331e-15  -4.1348e-15
  -1.0295e+00   3.2963e-15   4.5657e-15
   9.9733e-01  -9.5578e-17  -4.7552e-16
new coordinates from applied forces:
   1.1997e-01  -7.1417e-18  -8.7860e-18
   2.1314e+00   5.2076e-17   4.0894e-17
   4.3126e+00  -1.2111e-16  -5.0585e-17
   6.3240e+00   7.6176e-17   1.8476e-17
iterationCount: 13, previousEnergy: -430.788150, currentEnergy: -430.798055, stepSize: 0.022352
previous coordinates:
   1.1997e-01  -7.1417e-18  -8.7860e-18
   2.1314e+00   5.2076e-17   4.0894e-17
   4.3126e+00  -1.2111e-16  -5.0585e-17
   6.3240e+00   7.6176e-17   1.8476e-17
energy gradient:
  -6.0294e-01   6.7669e-17   1.3604e-16
  -5.8989e-01   1.9840e-15  -1.5968e-15
   5.8989e-01  -1.1987e-15  -8.3607e-16
   6.0294e-01  -8.5293e-16   2.2968e-15
new coordinates from applied forces:
   1.3127e-01  -8.4096e-18  -1.1335e-17
   2.1425e+00   1.4902e-17   7.0814e-17
   4.3015e+00  -9.8650e-17  -3.4919e-17
   6.3127e+00   9.2158e-17  -2.4560e-17
iterationCount: 14, previousEnergy: -430.798055, currentEnergy: -430.786079, stepSize: 0.027940
previous coordinates:
   1.3127e-01  -8.4096e-18  -1.1335e-17
   2.1425e+00   1.4902e-17   7.0814e-17
   4.3015e+00  -9.8650e-17  -3.4919e-17
   6.3127e+00   9.2158e-17  -2.4560e-17
energy gradient:
  -5.8199e-01  -4.0238e-17   1.8776e-16
   9.1733e-01   2.0986e-15  -1.6402e-15
  -9.1733e-01  -3.6650e-15   1.0859e-15
   5.8199e-01   1.6066e-15   3.6654e-16
new coordinates from applied forces:
   1.4185e-01  -7.6778e-18  -1.4750e-17
   2.1258e+00  -2.3262e-17   1.0064e-16
   4.3182e+00  -3.2001e-17  -5.4667e-17
   6.3021e+00   6.2940e-17  -3.1226e-17
iterationCount: 15, previousEnergy: -430.798055, currentEnergy: -430.805727, stepSize: 0.013970
previous coordinates:
   1.3127e-01  -8.4096e-18  -1.1335e-17
   2.1425e+00   1.4902e-17   7.0814e-17
   4.3015e+00  -9.8650e-17  -3.4919e-17
   6.3127e+00   9.2158e-17  -2.4560e-17
energy gradient:
  -5.8199e-01  -4.0238e-17   1.8776e-16
   9.1733e-01   2.0986e-15  -1.6402e-15
  -9.1733e-01  -3.6650e-15   1.0859e-15
   5.8199e-01   1.6066e-15   3.6654e-16
new coordinates from applied forces:
   1.3656e-01  -8.0437e-18  -1.3042e-17
   2.1342e+00  -4.1801e-18   8.5728e-17
   4.3098e+00  -6.5325e-17  -4.4793e-17
   6.3074e+00   7.7549e-17  -2.7893e-17
iterationCount: 16, previousEnergy: -430.805727, currentEnergy: -430.803155, stepSize: 0.017462
previous coordinates:
   1.3656e-01  -8.0437e-18  -1.3042e-17
   2.1342e+00  -4.1801e-18   8.5728e-17
   4.3098e+00  -6.5325e-17  -4.4793e-17
   6.3074e+00   7.7549e-17  -2.7893e-17
energy gradient:
  -2.7105e-01  -9.8234e-17  -1.1749e-16
  -5.3471e-01  -6.4507e-16  -9.6021e-16
   5.3471e-01  -1.1690e-15   1.5316e-15
   2.7105e-01   1.9123e-15  -4.5389e-16
new coordinates from applied forces:
   1.4214e-01  -6.0204e-18  -1.0622e-17
   2.1452e+00   9.1065e-18   1.0551e-16
   4.2988e+00  -4.1248e-17  -7.6339e-17
   6.3019e+00   3.8162e-17  -1.8544e-17
iterationCount: 17, previousEnergy: -430.805727, currentEnergy: -430.808819, stepSize: 0.008731
previous coordinates:
   1.3656e-01  -8.0437e-18  -1.3042e-17
   2.1342e+00  -4.1801e-18   8.5728e-17
   4.3098e+00  -6.5325e-17  -4.4793e-17
   6.3074e+00   7.7549e-17  -2.7893e-17
energy gradient:
  -2.7105e-01  -9.8234e-17  -1.1749e-16
  -5.3471e-01  -6.4507e-16  -9.6021e-16
   5.3471e-01  -1.1690e-15   1.5316e-15
   2.7105e-01   1.9123e-15  -4.5389e-16
new coordinates from applied forces:
   1.3935e-01  -7.0320e-18  -1.1832e-17
   2.1397e+00   2.4632e-18   9.5617e-17
   4.3043e+00  -5.3287e-17  -6.0566e-17
   6.3046e+00   5.7855e-17  -2.3218e-17
iterationCount: 18, previousEnergy: -430.808819, currentEnergy: -430.809297, stepSize: 0.010914
previous coordinates:
   1.3935e-01  -7.0320e-18  -1.1832e-17
   2.1397e+00   2.4632e-18   9.5617e-17
   4.3043e+00  -5.3287e-17  -6.0566e-17
   6.3046e+00   5.7855e-17  -2.3218e-17
energy gradient:
  -3.2846e-01  -2.5065e-16  -8.5792e-16
   2.8026e-01   5.8211e-16  -4.0945e-15
  -2.8026e-01  -1.6037e-15   3.7375e-15
   3.2846e-01   1.2722e-15   1.2149e-15
new coordinates from applied forces:
   1.4522e-01  -2.5521e-18   3.5016e-18
   2.1346e+00  -7.9411e-18   1.6880e-16
   4.3094e+00  -2.4624e-17  -1.2737e-16
   6.2988e+00   3.5117e-17  -4.4933e-17
iterationCount: 19, previousEnergy: -430.809297, currentEnergy: -430.807685, stepSize: 0.013642
previous coordinates:
   1.4522e-01  -2.5521e-18   3.5016e-18
   2.1346e+00  -7.9411e-18   1.6880e-16
   4.3094e+00  -2.4624e-17  -1.2737e-16
   6.2988e+00   3.5117e-17  -4.4933e-17
energy gradient:
  -7.2023e-02   7.3369e-17  -4.3785e-16
  -6.5434e-01   9.4487e-17   4.8945e-15
   6.5434e-01  -2.1041e-15  -4.9646e-15
   7.2023e-02   1.9363e-15   5.0798e-16
new coordinates from applied forces:
   1.4628e-01  -3.6272e-18   9.9179e-18
   2.1442e+00  -9.3257e-18   9.7074e-17
   4.2998e+00   6.2105e-18  -5.4615e-17
   6.2977e+00   6.7425e-18  -5.2377e-17
iterationCount: 20, previousEnergy: -430.809297, currentEnergy: -430.812089, stepSize: 0.006821
previous coordinates:
   1.4522e-01  -2.5521e-18   3.5016e-18
   2.1346e+00  -7.9411e-18   1.6880e-16
   4.3094e+00  -2.4624e-17  -1.2737e-16
   6.2988e+00   3.5117e-17  -4.4933e-17
energy gradient:
  -7.2023e-02   7.3369e-17  -4.3785e-16
  -6.5434e-01   9.4487e-17   4.8945e-15
   6.5434e-01  -2.1041e-15  -4.9646e-15
   7.2023e-02   1.9363e-15   5.0798e-16
new coordinates from applied forces:
   1.4575e-01  -3.0897e-18   6.7098e-18
   2.1394e+00  -8.6334e-18   1.3294e-16
   4.3046e+00  -9.2065e-18  -9.0991e-17
   6.2982e+00   2.0930e-17  -4.8655e-17
iterationCount: 21, previousEnergy: -430.812089, currentEnergy: -430.811550, stepSize: 0.008527
previous coordinates:
   1.4575e-01  -3.0897e-18   6.7098e-18
   2.1394e+00  -8.6334e-18   1.3294e-16
   4.3046e+00  -9.2065e-18  -9.0991e-17
   6.2982e+00   2.0930e-17  -4.8655e-17
energy gradient:
  -1.6942e-01   1.1280e-16  -4.6509e-16
   1.0054e-01   7.4261e-15   2.9196e-15
  -1.0054e-01  -8.0755e-15  -4.1502e-15
   1.6942e-01   5.3665e-16   1.6957e-15
new coordinates from applied forces:
   1.5093e-01  -6.5418e-18   2.0943e-17
   2.1364e+00  -2.3590e-16   4.3586e-17
   4.3076e+00   2.3794e-16   3.6020e-17
   6.2931e+00   4.5062e-18  -1.0055e-16
iterationCount: 22, previousEnergy: -430.812089, currentEnergy: -430.812549, stepSize: 0.004263
previous coordinates:
   1.4575e-01  -3.0897e-18   6.7098e-18
   2.1394e+00  -8.6334e-18   1.3294e-16
   4.3046e+00  -9.2065e-18  -9.0991e-17
   6.2982e+00   2.0930e-17  -4.8655e-17
energy gradient:
  -1.6942e-01   1.1280e-16  -4.6509e-16
   1.0054e-01   7.4261e-15   2.9196e-15
  -1.0054e-01  -8.0755e-15  -4.1502e-15
   1.6942e-01   5.3665e-16   1.6957e-15
new coordinates from applied forces:
   1.4834e-01  -4.8157e-18   1.3827e-17
   2.1379e+00  -1.2227e-16   8.8261e-17
   4.3061e+00   1.1436e-16  -2.7485e-17
   6.2957e+00   1.2718e-17  -7.4603e-17
iterationCount: 23, previousEnergy: -430.812549, currentEnergy: -430.812310, stepSize: 0.005329
previous coordinates:
   1.4834e-01  -4.8157e-18   1.3827e-17
   2.1379e+00  -1.2227e-16   8.8261e-17
   4.3061e+00   1.1436e-16  -2.7485e-17
   6.2957e+00   1.2718e-17  -7.4603e-17
energy gradient:
  -7.0770e-02   3.5485e-16   8.6991e-16
  -2.0668e-01   2.5825e-15  -2.6308e-15
   2.0668e-01  -3.9478e-15   2.1775e-15
   7.0770e-02   1.0104e-15  -4.1657e-16
new coordinates from applied forces:
   1.4956e-01  -1.0937e-17  -1.1785e-18
   2.1415e+00  -1.6681e-16   1.3364e-16
   4.3025e+00   1.8246e-16  -6.5046e-17
   6.2944e+00  -4.7104e-18  -6.7417e-17
iterationCount: 24, previousEnergy: -430.812549, currentEnergy: -430.812902, stepSize: 0.002665
previous coordinates:
   1.4834e-01  -4.8157e-18   1.3827e-17
   2.1379e+00  -1.2227e-16   8.8261e-17
   4.3061e+00   1.1436e-16  -2.7485e-17
   6.2957e+00   1.2718e-17  -7.4603e-17
energy gradient:
  -7.0770e-02   3.5485e-16   8.6991e-16
  -2.0668e-01   2.5825e-15  -2.6308e-15
   2.0668e-01  -3.9478e-15   2.1775e-15
   7.0770e-02   1.0104e-15  -4.1657e-16
new coordinates from applied forces:
   1.4895e-01  -7.8762e-18   6.3240e-18
   2.1397e+00  -1.4454e-16   1.1095e-16
   4.3043e+00   1.4841e-16  -4.6266e-17
   6.2950e+00   4.0038e-18  -7.1010e-17
iterationCount: 25, previousEnergy: -430.812902, currentEnergy: -430.812957, stepSize: 0.003331
previous coordinates:
   1.4895e-01  -7.8762e-18   6.3240e-18
   2.1397e+00  -1.4454e-16   1.1095e-16
   4.3043e+00   1.4841e-16  -4.6266e-17
   6.2950e+00   4.0038e-18  -7.1010e-17
energy gradient:
  -9.6950e-02   1.7689e-16   3.7733e-16
   6.6430e-02   1.5917e-15  -1.5708e-15
  -6.6430e-02  -8.1884e-16   1.7203e-15
   9.6950e-02  -9.4973e-16  -5.2685e-16
new coordinates from applied forces:
   1.5090e-01  -1.1421e-17  -1.2374e-18
   2.1384e+00  -1.7644e-16   1.4243e-16
   4.3056e+00   1.6482e-16  -8.0739e-17
   6.2931e+00   2.3036e-17  -6.0452e-17
iterationCount: 26, previousEnergy: -430.812957, currentEnergy: -430.812749, stepSize: 0.004163
previous coordinates:
   1.5090e-01  -1.1421e-17  -1.2374e-18
   2.1384e+00  -1.7644e-16   1.4243e-16
   4.3056e+00   1.6482e-16  -8.0739e-17
   6.2931e+00   2.3036e-17  -6.0452e-17
energy gradient:
  -1.8436e-02   2.1402e-17   1.1890e-16
  -1.9327e-01   5.4521e-16   3.2078e-15
   1.9327e-01  -4.0146e-15  -9.9912e-16
   1.8436e-02   3.4480e-15  -2.3275e-15
new coordinates from applied forces:
   1.5118e-01  -1.1746e-17  -3.0405e-18
   2.1413e+00  -1.8470e-16   9.3788e-17
   4.3027e+00   2.2570e-16  -6.5589e-17
   6.2928e+00  -2.9248e-17  -2.5158e-17
iterationCount: 27, previousEnergy: -430.812957, currentEnergy: -430.813192, stepSize: 0.002082
previous coordinates:
   1.5090e-01  -1.1421e-17  -1.2374e-18
   2.1384e+00  -1.7644e-16   1.4243e-16
   4.3056e+00   1.6482e-16  -8.0739e-17
   6.2931e+00   2.3036e-17  -6.0452e-17
energy gradient:
  -1.8436e-02   2.1402e-17   1.1890e-16
  -1.9327e-01   5.4521e-16   3.2078e-15
   1.9327e-01  -4.0146e-15  -9.9912e-16
   1.8436e-02   3.4480e-15  -2.3275e-15
new coordinates from applied forces:
   1.5104e-01  -1.1583e-17  -2.1390e-18
   2.1398e+00  -1.8057e-16   1.1811e-16
   4.3042e+00   1.9526e-16  -7.3164e-17
   6.2930e+00  -3.1059e-18  -4.2805e-17
iterationCount: 28, previousEnergy: -430.813192, currentEnergy: -430.813078, stepSize: 0.002602
previous coordinates:
   1.5104e-01  -1.1583e-17  -2.1390e-18
   2.1398e+00  -1.8057e-16   1.1811e-16
   4.3042e+00   1.9526e-16  -7.3164e-17
   6.2930e+00  -3.1059e-18  -4.2805e-17
energy gradient:
  -4.8977e-02   4.2357e-16   2.4688e-16
   4.0021e-02   2.1649e-15   1.5492e-15
  -4.0021e-02  -4.2778e-15  -1.5054e-15
   4.8977e-02   1.6893e-15  -2.9073e-16
new coordinates from applied forces:
   1.5246e-01  -2.3905e-17  -9.3208e-18
   2.1387e+00  -2.4355e-16   7.3040e-17
   4.3053e+00   3.1970e-16  -2.9372e-17
   6.2915e+00  -5.2248e-17  -3.4348e-17
iterationCount: 29, previousEnergy: -430.813192, currentEnergy: -430.813221, stepSize: 0.001301
previous coordinates:
   1.5104e-01  -1.1583e-17  -2.1390e-18
   2.1398e+00  -1.8057e-16   1.1811e-16
   4.3042e+00   1.9526e-16  -7.3164e-17
   6.2930e+00  -3.1059e-18  -4.2805e-17
energy gradient:
  -4.8977e-02   4.2357e-16   2.4688e-16
   4.0021e-02   2.1649e-15   1.5492e-15
  -4.0021e-02  -4.2778e-15  -1.5054e-15
   4.8977e-02   1.6893e-15  -2.9073e-16
new coordinates from applied forces:
   1.5175e-01  -1.7744e-17  -5.7299e-18
   2.1392e+00  -2.1206e-16   9.5574e-17
   4.3048e+00   2.5748e-16  -5.1268e-17
   6.2923e+00  -2.7677e-17  -3.8576e-17
coordinates after opt.
   1.5175e-01  -1.7744e-17  -5.7299e-18
   2.1392e+00  -2.1206e-16   9.5574e-17
   4.3048e+00   2.5748e-16  -5.1268e-17
   6.2923e+00  -2.7677e-17  -3.8576e-17
