Hello World! Running geometry optimization on input file ./data/C2H2.txt
Nuclear Repulsion Energy: 349.217 eV
Electronic energy: -779.343 eV
Total energy: -430.126 eV
SCF iteration count: 6
iterationCount: 0, previousEnergy: -430.126300, currentEnergy: -377.373774, stepSize: 0.750000
previous coordinates:
        0        0        0
   2.0787        0        0
   4.3653        0        0
   6.4440        0        0
energy gradient:
  -2.1017e+00  -2.4487e-16   1.4602e-16
  -5.4900e+00  -4.1064e-15   8.6564e-16
   5.4900e+00   2.9763e-15  -8.5550e-16
   2.1017e+00   1.3750e-15  -1.5615e-16
new coordinates from applied forces:
   1.8960e-01   2.2091e-17  -1.3173e-17
   2.5740e+00   3.7046e-16  -7.8093e-17
   3.8700e+00  -2.6850e-16   7.7179e-17
   6.2544e+00  -1.2404e-16   1.4087e-17
iterationCount: 1, previousEnergy: -430.126300, currentEnergy: -423.352521, stepSize: 0.375000
previous coordinates:
        0        0        0
   2.0787        0        0
   4.3653        0        0
   6.4440        0        0
energy gradient:
  -2.1017e+00  -2.4487e-16   1.4602e-16
  -5.4900e+00  -4.1064e-15   8.6564e-16
   5.4900e+00   2.9763e-15  -8.5550e-16
   2.1017e+00   1.3750e-15  -1.5615e-16
new coordinates from applied forces:
   9.4802e-02   1.1045e-17  -6.5866e-18
   2.3263e+00   1.8523e-16  -3.9047e-17
   4.1177e+00  -1.3425e-16   3.8590e-17
   6.3492e+00  -6.2022e-17   7.0437e-18
iterationCount: 2, previousEnergy: -430.126300, currentEnergy: -429.630566, stepSize: 0.187500
previous coordinates:
        0        0        0
   2.0787        0        0
   4.3653        0        0
   6.4440        0        0
energy gradient:
  -2.1017e+00  -2.4487e-16   1.4602e-16
  -5.4900e+00  -4.1064e-15   8.6564e-16
   5.4900e+00   2.9763e-15  -8.5550e-16
   2.1017e+00   1.3750e-15  -1.5615e-16
new coordinates from applied forces:
   4.7401e-02   5.5227e-18  -3.2933e-18
   2.2025e+00   9.2614e-17  -1.9523e-17
   4.2415e+00  -6.7126e-17   1.9295e-17
   6.3966e+00  -3.1011e-17   3.5218e-18
iterationCount: 3, previousEnergy: -430.126300, currentEnergy: -430.436631, stepSize: 0.093750
previous coordinates:
        0        0        0
   2.0787        0        0
   4.3653        0        0
   6.4440        0        0
energy gradient:
  -2.1017e+00  -2.4487e-16   1.4602e-16
  -5.4900e+00  -4.1064e-15   8.6564e-16
   5.4900e+00   2.9763e-15  -8.5550e-16
   2.1017e+00   1.3750e-15  -1.5615e-16
new coordinates from applied forces:
   2.3701e-02   2.7614e-18  -1.6466e-18
   2.1406e+00   4.6307e-17  -9.7617e-18
   4.3034e+00  -3.3563e-17   9.6474e-18
   6.4203e+00  -1.5506e-17   1.7609e-18
iterationCount: 4, previousEnergy: -430.436631, currentEnergy: -430.387182, stepSize: 0.117188
previous coordinates:
   2.3701e-02   2.7614e-18  -1.6466e-18
   2.1406e+00   4.6307e-17  -9.7617e-18
   4.3034e+00  -3.3563e-17   9.6474e-18
   6.4203e+00  -1.5506e-17   1.7609e-18
energy gradient:
  -2.7462e+00  -2.4372e-16   4.8935e-16
   2.6750e+00   6.9544e-16   4.6222e-15
  -2.6750e+00  -2.3855e-15  -4.7865e-15
   2.7462e+00   1.9338e-15  -3.2508e-16
new coordinates from applied forces:
   8.3059e-02   8.0292e-18  -1.2224e-17
   2.0828e+00   3.1276e-17  -1.0967e-16
   4.3612e+00   1.7998e-17   1.1311e-16
   6.3609e+00  -5.7303e-17   8.7875e-18
iterationCount: 5, previousEnergy: -430.436631, currentEnergy: -430.582054, stepSize: 0.058594
previous coordinates:
   2.3701e-02   2.7614e-18  -1.6466e-18
   2.1406e+00   4.6307e-17  -9.7617e-18
   4.3034e+00  -3.3563e-17   9.6474e-18
   6.4203e+00  -1.5506e-17   1.7609e-18
energy gradient:
  -2.7462e+00  -2.4372e-16   4.8935e-16
   2.6750e+00   6.9544e-16   4.6222e-15
  -2.6750e+00  -2.3855e-15  -4.7865e-15
   2.7462e+00   1.9338e-15  -3.2508e-16
new coordinates from applied forces:
   5.3380e-02   5.3953e-18  -6.9351e-18
   2.1117e+00   3.8791e-17  -5.9715e-17
   4.3323e+00  -7.7823e-18   6.1376e-17
   6.3906e+00  -3.6404e-17   5.2742e-18
iterationCount: 6, previousEnergy: -430.582054, currentEnergy: -430.641536, stepSize: 0.073242
previous coordinates:
   5.3380e-02   5.3953e-18  -6.9351e-18
   2.1117e+00   3.8791e-17  -5.9715e-17
   4.3323e+00  -7.7823e-18   6.1376e-17
   6.3906e+00  -3.6404e-17   5.2742e-18
energy gradient:
  -1.6558e+00   2.8980e-16   7.4966e-16
  -2.1425e+00  -2.0117e-15  -2.1759e-15
   2.1425e+00   2.9267e-15   8.6594e-16
   1.6558e+00  -1.2048e-15   5.6032e-16
new coordinates from applied forces:
   8.5049e-02  -1.4770e-19  -2.1274e-17
   2.1527e+00   7.7268e-17  -1.8097e-17
   4.2913e+00  -6.3760e-17   4.4813e-17
   6.3590e+00  -1.3360e-17  -5.4430e-18
iterationCount: 7, previousEnergy: -430.641536, currentEnergy: -430.548666, stepSize: 0.091553
previous coordinates:
   8.5049e-02  -1.4770e-19  -2.1274e-17
   2.1527e+00   7.7268e-17  -1.8097e-17
   4.2913e+00  -6.3760e-17   4.4813e-17
   6.3590e+00  -1.3360e-17  -5.4430e-18
energy gradient:
  -1.7934e+00   7.2227e-17  -2.0565e-16
   3.5224e+00  -5.9596e-16   1.3018e-15
  -3.5224e+00  -8.0707e-16   7.3302e-16
   1.7934e+00   1.3308e-15  -1.8292e-15
new coordinates from applied forces:
   1.1442e-01  -1.3306e-18  -1.7906e-17
   2.0950e+00   8.7029e-17  -3.9418e-17
   4.3490e+00  -5.0542e-17   3.2808e-17
   6.3296e+00  -3.5156e-17   2.4516e-17
iterationCount: 8, previousEnergy: -430.641536, currentEnergy: -430.743138, stepSize: 0.045776
previous coordinates:
   8.5049e-02  -1.4770e-19  -2.1274e-17
   2.1527e+00   7.7268e-17  -1.8097e-17
   4.2913e+00  -6.3760e-17   4.4813e-17
   6.3590e+00  -1.3360e-17  -5.4430e-18
energy gradient:
  -1.7934e+00   7.2227e-17  -2.0565e-16
   3.5224e+00  -5.9596e-16   1.3018e-15
  -3.5224e+00  -8.0707e-16   7.3302e-16
   1.7934e+00   1.3308e-15  -1.8292e-15
new coordinates from applied forces:
   9.9736e-02  -7.3917e-19  -1.9590e-17
   2.1238e+00   8.2148e-17  -2.8757e-17
   4.3202e+00  -5.7151e-17   3.8811e-17
   6.3443e+00  -2.4258e-17   9.5364e-18
iterationCount: 9, previousEnergy: -430.743138, currentEnergy: -430.718165, stepSize: 0.057220
previous coordinates:
   9.9736e-02  -7.3917e-19  -1.9590e-17
   2.1238e+00   8.2148e-17  -2.8757e-17
   4.3202e+00  -5.7151e-17   3.8811e-17
   6.3443e+00  -2.4258e-17   9.5364e-18
energy gradient:
  -9.0199e-01  -7.2193e-17  -2.0069e-16
  -1.3160e+00   3.2076e-15  -2.8431e-16
   1.3160e+00  -2.7196e-15  -1.6273e-15
   9.0199e-01  -4.1586e-16   2.1123e-15
new coordinates from applied forces:
   1.2261e-01   1.0916e-18  -1.4500e-17
   2.1572e+00   8.0334e-19  -2.1547e-17
   4.2868e+00   1.1817e-17   8.0078e-17
   6.3214e+00  -1.3712e-17  -4.4030e-17
iterationCount: 10, previousEnergy: -430.743138, currentEnergy: -430.770099, stepSize: 0.028610
previous coordinates:
   9.9736e-02  -7.3917e-19  -1.9590e-17
   2.1238e+00   8.2148e-17  -2.8757e-17
   4.3202e+00  -5.7151e-17   3.8811e-17
   6.3443e+00  -2.4258e-17   9.5364e-18
energy gradient:
  -9.0199e-01  -7.2193e-17  -2.0069e-16
  -1.3160e+00   3.2076e-15  -2.8431e-16
   1.3160e+00  -2.7196e-15  -1.6273e-15
   9.0199e-01  -4.1586e-16   2.1123e-15
new coordinates from applied forces:
   1.1117e-01   1.7623e-19  -1.7045e-17
   2.1405e+00   4.1476e-17  -2.5152e-17
   4.3035e+00  -2.2667e-17   5.9444e-17
   6.3328e+00  -1.8985e-17  -1.7247e-17
iterationCount: 11, previousEnergy: -430.770099, currentEnergy: -430.769960, stepSize: 0.035763
previous coordinates:
   1.1117e-01   1.7623e-19  -1.7045e-17
   2.1405e+00   4.1476e-17  -2.5152e-17
   4.3035e+00  -2.2667e-17   5.9444e-17
   6.3328e+00  -1.8985e-17  -1.7247e-17
energy gradient:
  -9.9734e-01  -4.0764e-16   5.4889e-16
   1.0295e+00  -5.2791e-15   2.5370e-15
  -1.0295e+00   7.1355e-15  -3.2029e-15
   9.9734e-01  -1.4487e-15   1.1695e-16
new coordinates from applied forces:
   1.2877e-01   7.3678e-18  -2.6729e-17
   2.1224e+00   1.3461e-16  -6.9911e-17
   4.3216e+00  -1.4855e-16   1.1595e-16
   6.3152e+00   6.5736e-18  -1.9310e-17
iterationCount: 12, previousEnergy: -430.770099, currentEnergy: -430.788151, stepSize: 0.017881
previous coordinates:
   1.1117e-01   1.7623e-19  -1.7045e-17
   2.1405e+00   4.1476e-17  -2.5152e-17
   4.3035e+00  -2.2667e-17   5.9444e-17
   6.3328e+00  -1.8985e-17  -1.7247e-17
energy gradient:
  -9.9734e-01  -4.0764e-16   5.4889e-16
   1.0295e+00  -5.2791e-15   2.5370e-15
  -1.0295e+00   7.1355e-15  -3.2029e-15
   9.9734e-01  -1.4487e-15   1.1695e-16
new coordinates from applied forces:
   1.1997e-01   3.7720e-18  -2.1887e-17
   2.1314e+00   8.8043e-17  -4.7532e-17
   4.3126e+00  -8.5610e-17   8.7697e-17
   6.3240e+00  -6.2058e-18  -1.8278e-17
iterationCount: 13, previousEnergy: -430.788151, currentEnergy: -430.798055, stepSize: 0.022352
previous coordinates:
   1.1997e-01   3.7720e-18  -2.1887e-17
   2.1314e+00   8.8043e-17  -4.7532e-17
   4.3126e+00  -8.5610e-17   8.7697e-17
   6.3240e+00  -6.2058e-18  -1.8278e-17
energy gradient:
  -6.0294e-01  -1.0949e-16   6.7597e-17
  -5.8989e-01   3.3038e-15   2.6905e-15
   5.8989e-01  -1.9495e-15  -4.9111e-16
   6.0294e-01  -1.2448e-15  -2.2670e-15
new coordinates from applied forces:
   1.3127e-01   5.8236e-18  -2.3153e-17
   2.1425e+00   2.6140e-17  -9.7944e-17
   4.3015e+00  -4.9082e-17   9.6899e-17
   6.3127e+00   1.7119e-17   2.4198e-17
iterationCount: 14, previousEnergy: -430.798055, currentEnergy: -430.786080, stepSize: 0.027940
previous coordinates:
   1.3127e-01   5.8236e-18  -2.3153e-17
   2.1425e+00   2.6140e-17  -9.7944e-17
   4.3015e+00  -4.9082e-17   9.6899e-17
   6.3127e+00   1.7119e-17   2.4198e-17
energy gradient:
  -5.8199e-01  -4.4643e-16  -1.0723e-16
   9.1733e-01   3.7853e-15   1.9325e-15
  -9.1733e-01  -5.1754e-15  -2.1819e-15
   5.8199e-01   1.8366e-15   3.5665e-16
new coordinates from applied forces:
   1.4185e-01   1.3942e-17  -2.1203e-17
   2.1258e+00  -4.2698e-17  -1.3309e-16
   4.3182e+00   4.5036e-17   1.3658e-16
   6.3021e+00  -1.6280e-17   1.7712e-17
iterationCount: 15, previousEnergy: -430.798055, currentEnergy: -430.805728, stepSize: 0.013970
previous coordinates:
   1.3127e-01   5.8236e-18  -2.3153e-17
   2.1425e+00   2.6140e-17  -9.7944e-17
   4.3015e+00  -4.9082e-17   9.6899e-17
   6.3127e+00   1.7119e-17   2.4198e-17
energy gradient:
  -5.8199e-01  -4.4643e-16  -1.0723e-16
   9.1733e-01   3.7853e-15   1.9325e-15
  -9.1733e-01  -5.1754e-15  -2.1819e-15
   5.8199e-01   1.8366e-15   3.5665e-16
new coordinates from applied forces:
   1.3656e-01   9.8829e-18  -2.2178e-17
   2.1342e+00  -8.2789e-18  -1.1552e-16
   4.3098e+00  -2.0233e-18   1.1674e-16
   6.3074e+00   4.1929e-19   2.0955e-17
iterationCount: 16, previousEnergy: -430.805728, currentEnergy: -430.803156, stepSize: 0.017462
previous coordinates:
   1.3656e-01   9.8829e-18  -2.2178e-17
   2.1342e+00  -8.2789e-18  -1.1552e-16
   4.3098e+00  -2.0233e-18   1.1674e-16
   6.3074e+00   4.1929e-19   2.0955e-17
energy gradient:
  -2.7106e-01   1.7158e-16   8.4511e-16
  -5.3471e-01  -8.7395e-16  -1.2099e-15
   5.3471e-01   1.2968e-15  -5.5459e-16
   2.7106e-01  -5.9448e-16   9.1939e-16
new coordinates from applied forces:
   1.4214e-01   6.3488e-18  -3.9585e-17
   2.1452e+00   9.7218e-18  -9.0595e-17
   4.2988e+00  -2.8734e-17   1.2816e-16
   6.3019e+00   1.2664e-17   2.0185e-18
iterationCount: 17, previousEnergy: -430.805728, currentEnergy: -430.808819, stepSize: 0.008731
previous coordinates:
   1.3656e-01   9.8829e-18  -2.2178e-17
   2.1342e+00  -8.2789e-18  -1.1552e-16
   4.3098e+00  -2.0233e-18   1.1674e-16
   6.3074e+00   4.1929e-19   2.0955e-17
energy gradient:
  -2.7106e-01   1.7158e-16   8.4511e-16
  -5.3471e-01  -8.7395e-16  -1.2099e-15
   5.3471e-01   1.2968e-15  -5.5459e-16
   2.7106e-01  -5.9448e-16   9.1939e-16
new coordinates from applied forces:
   1.3935e-01   8.1159e-18  -3.0882e-17
   2.1397e+00   7.2143e-19  -1.0306e-16
   4.3043e+00  -1.5379e-17   1.2245e-16
   6.3046e+00   6.5415e-18   1.1487e-17
iterationCount: 18, previousEnergy: -430.808819, currentEnergy: -430.809297, stepSize: 0.010914
previous coordinates:
   1.3935e-01   8.1159e-18  -3.0882e-17
   2.1397e+00   7.2143e-19  -1.0306e-16
   4.3043e+00  -1.5379e-17   1.2245e-16
   6.3046e+00   6.5415e-18   1.1487e-17
energy gradient:
  -3.2846e-01   1.2554e-16   1.8617e-16
   2.8026e-01  -9.6360e-16   2.1510e-15
  -2.8026e-01  -4.5129e-16  -9.9660e-16
   3.2846e-01   1.2894e-15  -1.3406e-15
new coordinates from applied forces:
   1.4522e-01   5.8721e-18  -3.4209e-17
   2.1346e+00   1.7944e-17  -1.4150e-16
   4.3094e+00  -7.3127e-18   1.4026e-16
   6.2988e+00  -1.6504e-17   3.5448e-17
iterationCount: 19, previousEnergy: -430.809297, currentEnergy: -430.807685, stepSize: 0.013642
previous coordinates:
   1.4522e-01   5.8721e-18  -3.4209e-17
   2.1346e+00   1.7944e-17  -1.4150e-16
   4.3094e+00  -7.3127e-18   1.4026e-16
   6.2988e+00  -1.6504e-17   3.5448e-17
energy gradient:
  -7.2025e-02  -5.9343e-16   7.4349e-16
  -6.5433e-01  -2.8871e-15  -3.7196e-15
   6.5433e-01   3.9250e-15   2.5352e-15
   7.2025e-02  -4.4444e-16   4.4086e-16
new coordinates from applied forces:
   1.4628e-01   1.4568e-17  -4.5104e-17
   2.1442e+00   6.0253e-17  -8.6994e-17
   4.2998e+00  -6.4831e-17   1.0311e-16
   6.2977e+00  -9.9908e-18   2.8988e-17
iterationCount: 20, previousEnergy: -430.809297, currentEnergy: -430.812089, stepSize: 0.006821
previous coordinates:
   1.4522e-01   5.8721e-18  -3.4209e-17
   2.1346e+00   1.7944e-17  -1.4150e-16
   4.3094e+00  -7.3127e-18   1.4026e-16
   6.2988e+00  -1.6504e-17   3.5448e-17
energy gradient:
  -7.2025e-02  -5.9343e-16   7.4349e-16
  -6.5433e-01  -2.8871e-15  -3.7196e-15
   6.5433e-01   3.9250e-15   2.5352e-15
   7.2025e-02  -4.4444e-16   4.4086e-16
new coordinates from applied forces:
   1.4575e-01   1.0220e-17  -3.9657e-17
   2.1394e+00   3.9099e-17  -1.1425e-16
   4.3046e+00  -3.6072e-17   1.2169e-16
   6.2982e+00  -1.3247e-17   3.2218e-17
iterationCount: 21, previousEnergy: -430.812089, currentEnergy: -430.811550, stepSize: 0.008527
previous coordinates:
   1.4575e-01   1.0220e-17  -3.9657e-17
   2.1394e+00   3.9099e-17  -1.1425e-16
   4.3046e+00  -3.6072e-17   1.2169e-16
   6.2982e+00  -1.3247e-17   3.2218e-17
energy gradient:
  -1.6942e-01   7.7101e-17   1.7004e-16
   1.0054e-01  -4.2069e-16   5.6254e-16
  -1.0054e-01   6.2386e-16  -6.8419e-17
   1.6942e-01  -2.8027e-16  -6.6415e-16
new coordinates from applied forces:
   1.5093e-01   7.8607e-18  -4.4861e-17
   2.1364e+00   5.1973e-17  -1.3146e-16
   4.3076e+00  -5.5164e-17   1.2378e-16
   6.2931e+00  -4.6699e-18   5.2543e-17
iterationCount: 22, previousEnergy: -430.812089, currentEnergy: -430.812549, stepSize: 0.004263
previous coordinates:
   1.4575e-01   1.0220e-17  -3.9657e-17
   2.1394e+00   3.9099e-17  -1.1425e-16
   4.3046e+00  -3.6072e-17   1.2169e-16
   6.2982e+00  -1.3247e-17   3.2218e-17
energy gradient:
  -1.6942e-01   7.7101e-17   1.7004e-16
   1.0054e-01  -4.2069e-16   5.6254e-16
  -1.0054e-01   6.2386e-16  -6.8419e-17
   1.6942e-01  -2.8027e-16  -6.6415e-16
new coordinates from applied forces:
   1.4834e-01   9.0405e-18  -4.2259e-17
   2.1379e+00   4.5536e-17  -1.2286e-16
   4.3061e+00  -4.5618e-17   1.2273e-16
   6.2957e+00  -8.9586e-18   4.2381e-17
iterationCount: 23, previousEnergy: -430.812549, currentEnergy: -430.812310, stepSize: 0.005329
previous coordinates:
   1.4834e-01   9.0405e-18  -4.2259e-17
   2.1379e+00   4.5536e-17  -1.2286e-16
   4.3061e+00  -4.5618e-17   1.2273e-16
   6.2957e+00  -8.9586e-18   4.2381e-17
energy gradient:
  -7.0771e-02   4.9259e-17   1.9694e-16
  -2.0668e-01   4.7131e-15   6.4585e-16
   2.0668e-01  -4.8233e-15  -8.7056e-16
   7.0771e-02   6.0893e-17   2.7767e-17
new coordinates from applied forces:
   1.4956e-01   8.1908e-18  -4.5656e-17
   2.1415e+00  -3.5761e-17  -1.3400e-16
   4.3025e+00   3.7579e-17   1.3775e-16
   6.2944e+00  -1.0009e-17   4.1902e-17
iterationCount: 24, previousEnergy: -430.812549, currentEnergy: -430.812902, stepSize: 0.002665
previous coordinates:
   1.4834e-01   9.0405e-18  -4.2259e-17
   2.1379e+00   4.5536e-17  -1.2286e-16
   4.3061e+00  -4.5618e-17   1.2273e-16
   6.2957e+00  -8.9586e-18   4.2381e-17
energy gradient:
  -7.0771e-02   4.9259e-17   1.9694e-16
  -2.0668e-01   4.7131e-15   6.4585e-16
   2.0668e-01  -4.8233e-15  -8.7056e-16
   7.0771e-02   6.0893e-17   2.7767e-17
new coordinates from applied forces:
   1.4895e-01   8.6157e-18  -4.3957e-17
   2.1397e+00   4.8874e-18  -1.2843e-16
   4.3043e+00  -4.0193e-18   1.3024e-16
   6.2950e+00  -9.4837e-18   4.2141e-17
iterationCount: 25, previousEnergy: -430.812902, currentEnergy: -430.812957, stepSize: 0.003331
previous coordinates:
   1.4895e-01   8.6157e-18  -4.3957e-17
   2.1397e+00   4.8874e-18  -1.2843e-16
   4.3043e+00  -4.0193e-18   1.3024e-16
   6.2950e+00  -9.4837e-18   4.2141e-17
energy gradient:
  -9.6950e-02   6.0324e-17   1.9935e-16
   6.6429e-02  -6.4240e-15   2.4035e-16
  -6.6429e-02   8.3956e-15  -9.7236e-17
   9.6950e-02  -2.0319e-15  -3.4247e-16
new coordinates from applied forces:
   1.5090e-01   7.4068e-18  -4.7952e-17
   2.1384e+00   1.3362e-16  -1.3324e-16
   4.3056e+00  -1.7226e-16   1.3219e-16
   6.2931e+00   3.1234e-17   4.9004e-17
iterationCount: 26, previousEnergy: -430.812957, currentEnergy: -430.812749, stepSize: 0.004163
previous coordinates:
   1.5090e-01   7.4068e-18  -4.7952e-17
   2.1384e+00   1.3362e-16  -1.3324e-16
   4.3056e+00  -1.7226e-16   1.3219e-16
   6.2931e+00   3.1234e-17   4.9004e-17
energy gradient:
  -1.8437e-02   2.6989e-16  -2.9600e-16
  -1.9326e-01  -2.9454e-15  -3.5261e-15
   1.9326e-01   9.2377e-16   5.9352e-15
   1.8437e-02   1.7517e-15  -2.1131e-15
new coordinates from applied forces:
   1.5118e-01   3.3143e-18  -4.3464e-17
   2.1413e+00   1.7828e-16  -7.9773e-17
   4.3027e+00  -1.8627e-16   4.2190e-17
   6.2928e+00   4.6706e-18   8.1046e-17
iterationCount: 27, previousEnergy: -430.812957, currentEnergy: -430.813192, stepSize: 0.002082
previous coordinates:
   1.5090e-01   7.4068e-18  -4.7952e-17
   2.1384e+00   1.3362e-16  -1.3324e-16
   4.3056e+00  -1.7226e-16   1.3219e-16
   6.2931e+00   3.1234e-17   4.9004e-17
energy gradient:
  -1.8437e-02   2.6989e-16  -2.9600e-16
  -1.9326e-01  -2.9454e-15  -3.5261e-15
   1.9326e-01   9.2377e-16   5.9352e-15
   1.8437e-02   1.7517e-15  -2.1131e-15
new coordinates from applied forces:
   1.5104e-01   5.3605e-18  -4.5708e-17
   2.1398e+00   1.5595e-16  -1.0651e-16
   4.3042e+00  -1.7927e-16   8.7190e-17
   6.2930e+00   1.7952e-17   6.5025e-17
iterationCount: 28, previousEnergy: -430.813192, currentEnergy: -430.813078, stepSize: 0.002602
previous coordinates:
   1.5104e-01   5.3605e-18  -4.5708e-17
   2.1398e+00   1.5595e-16  -1.0651e-16
   4.3042e+00  -1.7927e-16   8.7190e-17
   6.2930e+00   1.7952e-17   6.5025e-17
energy gradient:
  -4.8978e-02  -9.6268e-16   4.1957e-16
   4.0023e-02   5.2625e-15   1.4620e-15
  -4.0023e-02  -5.9548e-15  -1.8616e-15
   4.8978e-02   1.6550e-15  -1.9940e-17
new coordinates from applied forces:
   1.5246e-01   3.3365e-17  -5.7913e-17
   2.1387e+00   2.8683e-18  -1.4904e-16
   4.3053e+00  -6.0413e-18   1.4134e-16
   6.2915e+00  -3.0192e-17   6.5605e-17
iterationCount: 29, previousEnergy: -430.813192, currentEnergy: -430.813222, stepSize: 0.001301
previous coordinates:
   1.5104e-01   5.3605e-18  -4.5708e-17
   2.1398e+00   1.5595e-16  -1.0651e-16
   4.3042e+00  -1.7927e-16   8.7190e-17
   6.2930e+00   1.7952e-17   6.5025e-17
energy gradient:
  -4.8978e-02  -9.6268e-16   4.1957e-16
   4.0023e-02   5.2625e-15   1.4620e-15
  -4.0023e-02  -5.9548e-15  -1.8616e-15
   4.8978e-02   1.6550e-15  -1.9940e-17
new coordinates from applied forces:
   1.5175e-01   1.9363e-17  -5.1810e-17
   2.1392e+00   7.9411e-17  -1.2777e-16
   4.3048e+00  -9.2654e-17   1.1427e-16
   6.2923e+00  -6.1198e-18   6.5315e-17
coordinates after opt.
   1.5175e-01   1.9363e-17  -5.1810e-17
   2.1392e+00   7.9411e-17  -1.2777e-16
   4.3048e+00  -9.2654e-17   1.1427e-16
   6.2923e+00  -6.1198e-18   6.5315e-17
