Hello World!
gamma
   21.0778   15.4488
   15.4488   21.0778
Overlap
   1.0000   0.6559
   0.6559   1.0000
H_core
  -33.1637   -5.9035
   -5.9035  -33.1637
p = 1 q = 1
Iteration: 0
Fa
  -33.1637   -5.9035
   -5.9035  -33.1637
Fb
  -33.1637   -5.9035
   -5.9035  -33.1637
Ca
   0.7071  -0.7071
   0.7071   0.7071
Cb
   0.7071  -0.7071
   0.7071   0.7071
Ea
  -39.0672
  -27.2601
Eb
  -39.0672
  -27.2601
Pa_old
        0        0
        0        0
Pb_old
        0        0
        0        0
Pa_new
   0.5000   0.5000
   0.5000   0.5000
Pb_new
   0.5000   0.5000
   0.5000   0.5000
P_t
   1.0000
   1.0000
Ga
        0        0
        0        0
Gb
        0        0
        0        0
Iteration: 1
Fa
   -7.1760  -13.6279
  -13.6279   -7.1760
Fb
   -7.1760  -13.6279
  -13.6279   -7.1760
Ca
   0.7071  -0.7071
   0.7071   0.7071
Cb
   0.7071  -0.7071
   0.7071   0.7071
Ea
  -20.8039
    6.4519
Eb
  -20.8039
    6.4519
Pa_old
   0.5000   0.5000
   0.5000   0.5000
Pb_old
   0.5000   0.5000
   0.5000   0.5000
Pa_new
   0.5000   0.5000
   0.5000   0.5000
Pb_new
   0.5000   0.5000
   0.5000   0.5000
P_t
   1.0000
   1.0000
Ga
   25.9877   -7.7244
   -7.7244   25.9877
Gb
   25.9877   -7.7244
   -7.7244   25.9877
Iteration: 2
Fa
   -7.1760  -13.6279
  -13.6279   -7.1760
Fb
   -7.1760  -13.6279
  -13.6279   -7.1760
Ca
   0.7071  -0.7071
   0.7071   0.7071
Cb
   0.7071  -0.7071
   0.7071   0.7071
Ea
  -20.8039
    6.4519
Eb
  -20.8039
    6.4519
Pa_old
   0.5000   0.5000
   0.5000   0.5000
Pb_old
   0.5000   0.5000
   0.5000   0.5000
Pa_new
   0.5000   0.5000
   0.5000   0.5000
Pb_new
   0.5000   0.5000
   0.5000   0.5000
P_t
   1.0000
   1.0000
Ga
   25.9877   -7.7244
   -7.7244   25.9877
Gb
   25.9877   -7.7244
   -7.7244   25.9877
Nuclear Repulsion Energy: 19.3022 eV
Electronic energy: -59.8711 eV
Testing totalEnergy(): -40.5689
Total energy: -40.5689 eV
energyDerivative
  -0.6450   0.6450
        0        0
        0        0
coordinates before opt.
        0        0        0
   1.4097        0        0
iterationCount: 0, previousEnergy: -40.568941, currentEnergy: -38.359373, stepSize: 0.300000
previous coordinates:
        0        0        0
   1.4097        0        0
energy gradient:
  -0.6450        0        0
   0.6450        0        0
new coordinates from applied forces:
   0.2121        0        0
   1.1976        0        0
iterationCount: 1, previousEnergy: -40.568941, currentEnergy: -40.215362, stepSize: 0.150000
previous coordinates:
        0        0        0
   1.4097        0        0
energy gradient:
  -0.6450        0        0
   0.6450        0        0
new coordinates from applied forces:
   0.1061        0        0
   1.3037        0        0
iterationCount: 2, previousEnergy: -40.568941, currentEnergy: -40.527380, stepSize: 0.075000
previous coordinates:
        0        0        0
   1.4097        0        0
energy gradient:
  -0.6450        0        0
   0.6450        0        0
new coordinates from applied forces:
   0.0530        0        0
   1.3567        0        0
iterationCount: 3, previousEnergy: -40.568941, currentEnergy: -40.577061, stepSize: 0.037500
previous coordinates:
        0        0        0
   1.4097        0        0
energy gradient:
  -0.6450        0        0
   0.6450        0        0
new coordinates from applied forces:
   0.0265        0        0
   1.3832        0        0
iterationCount: 4, previousEnergy: -40.577061, currentEnergy: -40.558861, stepSize: 0.046875
previous coordinates:
   0.0265        0        0
   1.3832        0        0
energy gradient:
   0.3643        0        0
  -0.3643        0        0
new coordinates from applied forces:
  -0.0066        0        0
   1.4164        0        0
iterationCount: 5, previousEnergy: -40.577061, currentEnergy: -40.578217, stepSize: 0.023438
previous coordinates:
   0.0265        0        0
   1.3832        0        0
energy gradient:
   0.3643        0        0
  -0.3643        0        0
new coordinates from applied forces:
   0.0099        0        0
   1.3998        0        0
iterationCount: 6, previousEnergy: -40.578217, currentEnergy: -40.573332, stepSize: 0.029297
previous coordinates:
   0.0099        0        0
   1.3998        0        0
energy gradient:
  -0.2844        0        0
   0.2844        0        0
new coordinates from applied forces:
   0.0307        0        0
   1.3791        0        0
iterationCount: 7, previousEnergy: -40.578217, currentEnergy: -40.580024, stepSize: 0.014648
previous coordinates:
   0.0099        0        0
   1.3998        0        0
energy gradient:
  -0.2844        0        0
   0.2844        0        0
new coordinates from applied forces:
   0.0203        0        0
   1.3894        0        0
iterationCount: 8, previousEnergy: -40.580024, currentEnergy: -40.576495, stepSize: 0.018311
previous coordinates:
   0.0203        0        0
   1.3894        0        0
energy gradient:
   0.1138        0        0
  -0.1138        0        0
new coordinates from applied forces:
   0.0074        0        0
   1.4024        0        0
iterationCount: 9, previousEnergy: -40.580024, currentEnergy: -40.579859, stepSize: 0.009155
previous coordinates:
   0.0203        0        0
   1.3894        0        0
energy gradient:
   0.1138        0        0
  -0.1138        0        0
new coordinates from applied forces:
   0.0138        0        0
   1.3959        0        0
iterationCount: 10, previousEnergy: -40.580024, currentEnergy: -40.580348, stepSize: 0.004578
previous coordinates:
   0.0203        0        0
   1.3894        0        0
energy gradient:
   0.1138        0        0
  -0.1138        0        0
new coordinates from applied forces:
   0.0171        0        0
   1.3927        0        0
iterationCount: 11, previousEnergy: -40.580348, currentEnergy: -40.579814, stepSize: 0.005722
previous coordinates:
   0.0171        0        0
   1.3927        0        0
energy gradient:
  -0.0132        0        0
   0.0132        0        0
new coordinates from applied forces:
   0.0211        0        0
   1.3886        0        0
iterationCount: 12, previousEnergy: -40.580348, currentEnergy: -40.580242, stepSize: 0.002861
previous coordinates:
   0.0171        0        0
   1.3927        0        0
energy gradient:
  -0.0132        0        0
   0.0132        0        0
new coordinates from applied forces:
   0.0191        0        0
   1.3906        0        0
iterationCount: 13, previousEnergy: -40.580348, currentEnergy: -40.580335, stepSize: 0.001431
previous coordinates:
   0.0171        0        0
   1.3927        0        0
energy gradient:
  -0.0132        0        0
   0.0132        0        0
new coordinates from applied forces:
   0.0181        0        0
   1.3917        0        0
iterationCount: 14, previousEnergy: -40.580348, currentEnergy: -40.580352, stepSize: 0.000715
previous coordinates:
   0.0171        0        0
   1.3927        0        0
energy gradient:
  -0.0132        0        0
   0.0132        0        0
new coordinates from applied forces:
   0.0176        0        0
   1.3922        0        0
coordinates after opt.
   0.0176        0        0
   1.3922        0        0
