Hello World!
lagrangeMatixAlpha
        0  -1.0000
  -1.0000        0
lagrangeMatixBeta
        0  -1.0000
  -1.0000        0
lagrangeContantsVectorAlpha
        0
  -1.0000
lagrangeContantsVectorBeta
        0
  -1.0000
lagrangeSolutionAlpha
   1.0000
        0
lagrangeSolutionBeta
   1.0000
        0
extrapolated matrices - linear combos of k previous matrices
extrapolatedFockMatrixAlpha
  -33.1623   -5.9027
   -5.9027  -33.1623
extrapolatedFockMatrixBeta
  -33.1623   -5.9027
   -5.9027  -33.1623
extrapolatedErrorMatrixAlpha
        0        0
        0        0
extrapolatedErrorMatrixBeta
        0        0
        0        0
new extrapolated matrices
newExtrapolatedDensityMatrixAlpha 0
   0.5000   0.5000
   0.5000   0.5000
newExtrapolatedDensityMatrixBeta 0
   0.5000   0.5000
   0.5000   0.5000
newExtrapolatedFockMatrixAlpha 0
   -7.1760  -13.6264
  -13.6264   -7.1760
newExtrapolatedFockMatrixBeta 0
   -7.1760  -13.6264
  -13.6264   -7.1760
newExtrapolatedErrorMatrixAlpha 0
        0        0
        0        0
newExtrapolatedErrorMatrixBeta 0
        0        0
        0        0
Density matrices queue
kPrevDensityMatricesAlpha 0
        0        0
        0        0
kPrevDensityMatricesAlpha 1
   0.5000   0.5000
   0.5000   0.5000
kPrevDensityMatricesBeta 0
        0        0
        0        0
kPrevDensityMatricesBeta 1
   0.5000   0.5000
   0.5000   0.5000
Fock matrices queue
kPrevFockMatricesAlpha 0
  -33.1623   -5.9027
   -5.9027  -33.1623
kPrevFockMatricesAlpha 1
   -7.1760  -13.6264
  -13.6264   -7.1760
kPrevFockMatricesBeta 0
  -33.1623   -5.9027
   -5.9027  -33.1623
kPrevFockMatricesBeta 1
   -7.1760  -13.6264
  -13.6264   -7.1760
Error matrices queue
kPrevErrorMatricesAlpha 0
        0        0
        0        0
kPrevErrorMatricesAlpha 1
        0        0
        0        0
kPrevErrorMatricesBeta 0
        0        0
        0        0
kPrevErrorMatricesBeta 1
        0        0
        0        0
Iteration count: 0, queueSize: 1, totaLEnergy-40.5688, totalEnergyOld: 0
lagrangeMatixAlpha
        0        0  -1.0000
        0        0  -1.0000
  -1.0000  -1.0000        0
lagrangeMatixBeta
        0        0  -1.0000
        0        0  -1.0000
  -1.0000  -1.0000        0
lagrangeContantsVectorAlpha
        0
        0
  -1.0000
lagrangeContantsVectorBeta
        0
        0
  -1.0000
lagrangeSolutionAlpha
   0.5000
   0.5000
        0
lagrangeSolutionBeta
   0.5000
   0.5000
        0
extrapolated matrices - linear combos of k previous matrices
extrapolatedFockMatrixAlpha
  -20.1691   -9.7646
   -9.7646  -20.1691
extrapolatedFockMatrixBeta
  -20.1691   -9.7646
   -9.7646  -20.1691
extrapolatedErrorMatrixAlpha
        0        0
        0        0
extrapolatedErrorMatrixBeta
        0        0
        0        0
new extrapolated matrices
newExtrapolatedDensityMatrixAlpha 1
   0.5000   0.5000
   0.5000   0.5000
newExtrapolatedDensityMatrixBeta 1
   0.5000   0.5000
   0.5000   0.5000
newExtrapolatedFockMatrixAlpha 1
   -7.1760  -13.6264
  -13.6264   -7.1760
newExtrapolatedFockMatrixBeta 1
   -7.1760  -13.6264
  -13.6264   -7.1760
newExtrapolatedErrorMatrixAlpha 1
        0        0
        0        0
newExtrapolatedErrorMatrixBeta 1
        0        0
        0        0
Density matrices queue
kPrevDensityMatricesAlpha 0
        0        0
        0        0
kPrevDensityMatricesAlpha 1
   0.5000   0.5000
   0.5000   0.5000
kPrevDensityMatricesAlpha 2
   0.5000   0.5000
   0.5000   0.5000
kPrevDensityMatricesBeta 0
        0        0
        0        0
kPrevDensityMatricesBeta 1
   0.5000   0.5000
   0.5000   0.5000
kPrevDensityMatricesBeta 2
   0.5000   0.5000
   0.5000   0.5000
Fock matrices queue
kPrevFockMatricesAlpha 0
  -33.1623   -5.9027
   -5.9027  -33.1623
kPrevFockMatricesAlpha 1
   -7.1760  -13.6264
  -13.6264   -7.1760
kPrevFockMatricesAlpha 2
   -7.1760  -13.6264
  -13.6264   -7.1760
kPrevFockMatricesBeta 0
  -33.1623   -5.9027
   -5.9027  -33.1623
kPrevFockMatricesBeta 1
   -7.1760  -13.6264
  -13.6264   -7.1760
kPrevFockMatricesBeta 2
   -7.1760  -13.6264
  -13.6264   -7.1760
Error matrices queue
kPrevErrorMatricesAlpha 0
        0        0
        0        0
kPrevErrorMatricesAlpha 1
        0        0
        0        0
kPrevErrorMatricesAlpha 2
        0        0
        0        0
kPrevErrorMatricesBeta 0
        0        0
        0        0
kPrevErrorMatricesBeta 1
        0        0
        0        0
kPrevErrorMatricesBeta 2
        0        0
        0        0
Iteration count: 1, queueSize: 2, totaLEnergy-40.5688, totalEnergyOld: -40.5688
Nuclear Repulsion Energy: 19.2986 eV
Electronic energy: -59.8674 eV
Testing totalEnergy(): -40.5688
Total energy: -40.5688 eV
energyDerivative
  -0.6496   0.6496
        0        0
        0        0
coordinates before opt.
        0        0        0
   1.4100        0        0
iterationCount: 0, previousEnergy: -40.5688, currentEnergy: -38.3631, stepSize: 0.3
previous coordinates:
        0        0        0
   1.4100        0        0
energy gradient:
  -0.6496        0        0
   0.6496        0        0
new coordinates from applied forces:
   0.2121        0        0
   1.1979        0        0
iterationCount: 1, previousEnergy: -40.5688, currentEnergy: -40.2165, stepSize: 0.15
previous coordinates:
        0        0        0
   1.4100        0        0
energy gradient:
  -0.6496        0        0
   0.6496        0        0
new coordinates from applied forces:
   0.1061        0        0
   1.3039        0        0
iterationCount: 2, previousEnergy: -40.5688, currentEnergy: -40.5278, stepSize: 0.075
previous coordinates:
        0        0        0
   1.4100        0        0
energy gradient:
  -0.6496        0        0
   0.6496        0        0
new coordinates from applied forces:
   0.0530        0        0
   1.3570        0        0
iterationCount: 3, previousEnergy: -40.5688, currentEnergy: -40.5772, stepSize: 0.0375
previous coordinates:
        0        0        0
   1.4100        0        0
energy gradient:
  -0.6496        0        0
   0.6496        0        0
new coordinates from applied forces:
   0.0265        0        0
   1.3835        0        0
iterationCount: 4, previousEnergy: -40.5772, currentEnergy: -40.5586, stepSize: 0.046875
previous coordinates:
   0.0265        0        0
   1.3835        0        0
energy gradient:
   0.3589        0        0
  -0.3589        0        0
new coordinates from applied forces:
  -0.0066        0        0
   1.4166        0        0
iterationCount: 5, previousEnergy: -40.5772, currentEnergy: -40.5781, stepSize: 0.0234375
previous coordinates:
   0.0265        0        0
   1.3835        0        0
energy gradient:
   0.3589        0        0
  -0.3589        0        0
new coordinates from applied forces:
   0.0099        0        0
   1.4001        0        0
iterationCount: 6, previousEnergy: -40.5781, currentEnergy: -40.5735, stepSize: 0.0292969
previous coordinates:
   0.0099        0        0
   1.4001        0        0
energy gradient:
  -0.2893        0        0
   0.2893        0        0
new coordinates from applied forces:
   0.0307        0        0
   1.3793        0        0
iterationCount: 7, previousEnergy: -40.5781, currentEnergy: -40.5801, stepSize: 0.0146484
previous coordinates:
   0.0099        0        0
   1.4001        0        0
energy gradient:
  -0.2893        0        0
   0.2893        0        0
new coordinates from applied forces:
   0.0203        0        0
   1.3897        0        0
iterationCount: 8, previousEnergy: -40.5801, currentEnergy: -40.5764, stepSize: 0.0183105
previous coordinates:
   0.0203        0        0
   1.3897        0        0
energy gradient:
   0.1086        0        0
  -0.1086        0        0
new coordinates from applied forces:
   0.0074        0        0
   1.4026        0        0
iterationCount: 9, previousEnergy: -40.5801, currentEnergy: -40.5798, stepSize: 0.00915527
previous coordinates:
   0.0203        0        0
   1.3897        0        0
energy gradient:
   0.1086        0        0
  -0.1086        0        0
new coordinates from applied forces:
   0.0138        0        0
   1.3962        0        0
iterationCount: 10, previousEnergy: -40.5801, currentEnergy: -40.5803, stepSize: 0.00457764
previous coordinates:
   0.0203        0        0
   1.3897        0        0
energy gradient:
   0.1086        0        0
  -0.1086        0        0
new coordinates from applied forces:
   0.0171        0        0
   1.3929        0        0
iterationCount: 11, previousEnergy: -40.5803, currentEnergy: -40.5799, stepSize: 0.00572205
previous coordinates:
   0.0171        0        0
   1.3929        0        0
energy gradient:
  -0.0183        0        0
   0.0183        0        0
new coordinates from applied forces:
   0.0211        0        0
   1.3889        0        0
iterationCount: 12, previousEnergy: -40.5803, currentEnergy: -40.5803, stepSize: 0.00286102
previous coordinates:
   0.0171        0        0
   1.3929        0        0
energy gradient:
  -0.0183        0        0
   0.0183        0        0
new coordinates from applied forces:
   0.0191        0        0
   1.3909        0        0
iterationCount: 13, previousEnergy: -40.5803, currentEnergy: -40.5803, stepSize: 0.00143051
previous coordinates:
   0.0171        0        0
   1.3929        0        0
energy gradient:
  -0.0183        0        0
   0.0183        0        0
new coordinates from applied forces:
   0.0181        0        0
   1.3919        0        0
iterationCount: 14, previousEnergy: -40.5803, currentEnergy: -40.5804, stepSize: 0.000715256
previous coordinates:
   0.0171        0        0
   1.3929        0        0
energy gradient:
  -0.0183        0        0
   0.0183        0        0
new coordinates from applied forces:
   0.0176        0        0
   1.3924        0        0
coordinates after opt.
   0.0176        0        0
   1.3924        0        0
