Hello World!
gamma
   21.0778   13.8051
   13.8051   21.0778
Overlap
   1.0000   0.5492
   0.5492   1.0000
H_core
  -31.5200   -4.9429
   -4.9429  -31.5200
p = 1 q = 1
Iteration: 0
Fa
  -31.5200   -4.9429
   -4.9429  -31.5200
Fb
  -31.5200   -4.9429
   -4.9429  -31.5200
Ca
   0.7071  -0.7071
   0.7071   0.7071
Cb
   0.7071  -0.7071
   0.7071   0.7071
Ea
  -36.4629
  -26.5771
Eb
  -36.4629
  -26.5771
Pa_old
        0        0
        0        0
Pb_old
        0        0
        0        0
Pa_new
   0.5000   0.5000
   0.5000   0.5000
Pb_new
   0.5000   0.5000
   0.5000   0.5000
P_t
   1.0000
   1.0000
Ga
        0        0
        0        0
Gb
        0        0
        0        0
Iteration: 1
Fa
   -7.1760  -11.8455
  -11.8455   -7.1760
Fb
   -7.1760  -11.8455
  -11.8455   -7.1760
Ca
   0.7071  -0.7071
   0.7071   0.7071
Cb
   0.7071  -0.7071
   0.7071   0.7071
Ea
  -19.0215
    4.6695
Eb
  -19.0215
    4.6695
Pa_old
   0.5000   0.5000
   0.5000   0.5000
Pb_old
   0.5000   0.5000
   0.5000   0.5000
Pa_new
   0.5000   0.5000
   0.5000   0.5000
Pb_new
   0.5000   0.5000
   0.5000   0.5000
P_t
   1.0000
   1.0000
Ga
   24.3440   -6.9025
   -6.9025   24.3440
Gb
   24.3440   -6.9025
   -6.9025   24.3440
Iteration: 2
Fa
   -7.1760  -11.8455
  -11.8455   -7.1760
Fb
   -7.1760  -11.8455
  -11.8455   -7.1760
Ca
   0.7071  -0.7071
   0.7071   0.7071
Cb
   0.7071  -0.7071
   0.7071   0.7071
Ea
  -19.0215
    4.6695
Eb
  -19.0215
    4.6695
Pa_old
   0.5000   0.5000
   0.5000   0.5000
Pb_old
   0.5000   0.5000
   0.5000   0.5000
Pa_new
   0.5000   0.5000
   0.5000   0.5000
Pb_new
   0.5000   0.5000
   0.5000   0.5000
P_t
   1.0000
   1.0000
Ga
   24.3440   -6.9025
   -6.9025   24.3440
Gb
   24.3440   -6.9025
   -6.9025   24.3440
Nuclear Repulsion Energy: 15.7745 eV
Electronic energy: -55.4844 eV
Testing totalEnergy(): -39.7099
Total energy: -39.7099 eV
energyDerivative
  -4.2297   4.2297
        0        0
        0        0
coordinates before opt.
        0        0        0
   1.7250        0        0
iterationCount: 0, previousEnergy: -39.709859, currentEnergy: -29.205817, stepSize: 0.750000
previous coordinates:
        0        0        0
   1.7250        0        0
energy gradient:
  -4.2297        0        0
   4.2297        0        0
new coordinates from applied forces:
   0.5303        0        0
   1.1947        0        0
iterationCount: 1, previousEnergy: -39.709859, currentEnergy: -40.202041, stepSize: 0.375000
previous coordinates:
        0        0        0
   1.7250        0        0
energy gradient:
  -4.2297        0        0
   4.2297        0        0
new coordinates from applied forces:
   0.2652        0        0
   1.4598        0        0
iterationCount: 2, previousEnergy: -40.202041, currentEnergy: -39.099963, stepSize: 0.468750
previous coordinates:
   0.2652        0        0
   1.4598        0        0
energy gradient:
   4.5884        0        0
  -4.5884        0        0
new coordinates from applied forces:
  -0.0663        0        0
   1.7913        0        0
iterationCount: 3, previousEnergy: -40.202041, currentEnergy: -40.386961, stepSize: 0.234375
previous coordinates:
   0.2652        0        0
   1.4598        0        0
energy gradient:
   4.5884        0        0
  -4.5884        0        0
new coordinates from applied forces:
   0.0994        0        0
   1.6256        0        0
iterationCount: 4, previousEnergy: -40.386961, currentEnergy: -39.700561, stepSize: 0.292969
previous coordinates:
   0.0994        0        0
   1.6256        0        0
energy gradient:
  -2.3830        0        0
   2.3830        0        0
new coordinates from applied forces:
   0.3066        0        0
   1.4184        0        0
iterationCount: 5, previousEnergy: -40.386961, currentEnergy: -40.548167, stepSize: 0.146484
previous coordinates:
   0.0994        0        0
   1.6256        0        0
energy gradient:
  -2.3830        0        0
   2.3830        0        0
new coordinates from applied forces:
   0.2030        0        0
   1.5220        0        0
iterationCount: 6, previousEnergy: -40.548167, currentEnergy: -40.247624, stepSize: 0.183105
previous coordinates:
   0.2030        0        0
   1.5220        0        0
energy gradient:
   1.1817        0        0
  -1.1817        0        0
new coordinates from applied forces:
   0.0735        0        0
   1.6515        0        0
iterationCount: 7, previousEnergy: -40.548167, currentEnergy: -40.531261, stepSize: 0.091553
previous coordinates:
   0.2030        0        0
   1.5220        0        0
energy gradient:
   1.1817        0        0
  -1.1817        0        0
new coordinates from applied forces:
   0.1383        0        0
   1.5867        0        0
iterationCount: 8, previousEnergy: -40.548167, currentEnergy: -40.579610, stepSize: 0.045776
previous coordinates:
   0.2030        0        0
   1.5220        0        0
energy gradient:
   1.1817        0        0
  -1.1817        0        0
new coordinates from applied forces:
   0.1706        0        0
   1.5544        0        0
iterationCount: 9, previousEnergy: -40.579610, currentEnergy: -40.526004, stepSize: 0.057220
previous coordinates:
   0.1706        0        0
   1.5544        0        0
energy gradient:
  -0.1687        0        0
   0.1687        0        0
new coordinates from applied forces:
   0.2111        0        0
   1.5139        0        0
iterationCount: 10, previousEnergy: -40.579610, currentEnergy: -40.570275, stepSize: 0.028610
previous coordinates:
   0.1706        0        0
   1.5544        0        0
energy gradient:
  -0.1687        0        0
   0.1687        0        0
new coordinates from applied forces:
   0.1909        0        0
   1.5341        0        0
iterationCount: 11, previousEnergy: -40.579610, currentEnergy: -40.579061, stepSize: 0.014305
previous coordinates:
   0.1706        0        0
   1.5544        0        0
energy gradient:
  -0.1687        0        0
   0.1687        0        0
new coordinates from applied forces:
   0.1808        0        0
   1.5442        0        0
iterationCount: 12, previousEnergy: -40.579610, currentEnergy: -40.580335, stepSize: 0.007153
previous coordinates:
   0.1706        0        0
   1.5544        0        0
energy gradient:
  -0.1687        0        0
   0.1687        0        0
new coordinates from applied forces:
   0.1757        0        0
   1.5493        0        0
iterationCount: 13, previousEnergy: -40.580335, currentEnergy: -40.579122, stepSize: 0.008941
previous coordinates:
   0.1757        0        0
   1.5493        0        0
energy gradient:
   0.0262        0        0
  -0.0262        0        0
new coordinates from applied forces:
   0.1694        0        0
   1.5556        0        0
iterationCount: 14, previousEnergy: -40.580335, currentEnergy: -40.580112, stepSize: 0.004470
previous coordinates:
   0.1757        0        0
   1.5493        0        0
energy gradient:
   0.0262        0        0
  -0.0262        0        0
new coordinates from applied forces:
   0.1725        0        0
   1.5525        0        0
iterationCount: 15, previousEnergy: -40.580335, currentEnergy: -40.580321, stepSize: 0.002235
previous coordinates:
   0.1757        0        0
   1.5493        0        0
energy gradient:
   0.0262        0        0
  -0.0262        0        0
new coordinates from applied forces:
   0.1741        0        0
   1.5509        0        0
iterationCount: 16, previousEnergy: -40.580335, currentEnergy: -40.580352, stepSize: 0.001118
previous coordinates:
   0.1757        0        0
   1.5493        0        0
energy gradient:
   0.0262        0        0
  -0.0262        0        0
new coordinates from applied forces:
   0.1749        0        0
   1.5501        0        0
coordinates after opt.
   0.1749        0        0
   1.5501        0        0
