Hello World!
lagrangeMatixAlpha
        0  -1.0000
  -1.0000        0
lagrangeMatixBeta
        0  -1.0000
  -1.0000        0
lagrangeContantsVectorAlpha
        0
  -1.0000
lagrangeContantsVectorBeta
        0
  -1.0000
lagrangeSolutionAlpha
   1.0000
        0
lagrangeSolutionBeta
   1.0000
        0
extrapolated matrices - linear combos of k previous matrices
extrapolatedFockMatrixAlpha
  -31.5200   -4.9429
   -4.9429  -31.5200
extrapolatedFockMatrixBeta
  -31.5200   -4.9429
   -4.9429  -31.5200
extrapolatedErrorMatrixAlpha
        0        0
        0        0
extrapolatedErrorMatrixBeta
        0        0
        0        0
new extrapolated matrices
newExtrapolatedDensityMatrixAlpha 0
   0.5000   0.5000
   0.5000   0.5000
newExtrapolatedDensityMatrixBeta 0
   0.5000   0.5000
   0.5000   0.5000
newExtrapolatedFockMatrixAlpha 0
   -7.1760  -11.8455
  -11.8455   -7.1760
newExtrapolatedFockMatrixBeta 0
   -7.1760  -11.8455
  -11.8455   -7.1760
newExtrapolatedErrorMatrixAlpha 0
        0        0
        0        0
newExtrapolatedErrorMatrixBeta 0
        0        0
        0        0
Density matrices queue
kPrevDensityMatricesAlpha 0
        0        0
        0        0
kPrevDensityMatricesAlpha 1
   0.5000   0.5000
   0.5000   0.5000
kPrevDensityMatricesBeta 0
        0        0
        0        0
kPrevDensityMatricesBeta 1
   0.5000   0.5000
   0.5000   0.5000
Fock matrices queue
kPrevFockMatricesAlpha 0
  -31.5200   -4.9429
   -4.9429  -31.5200
kPrevFockMatricesAlpha 1
   -7.1760  -11.8455
  -11.8455   -7.1760
kPrevFockMatricesBeta 0
  -31.5200   -4.9429
   -4.9429  -31.5200
kPrevFockMatricesBeta 1
   -7.1760  -11.8455
  -11.8455   -7.1760
Error matrices queue
kPrevErrorMatricesAlpha 0
        0        0
        0        0
kPrevErrorMatricesAlpha 1
        0        0
        0        0
kPrevErrorMatricesBeta 0
        0        0
        0        0
kPrevErrorMatricesBeta 1
        0        0
        0        0
Iteration count: 0, queueSize: 1, totaLEnergy-39.7099, totalEnergyOld: 0
lagrangeMatixAlpha
        0        0  -1.0000
        0        0  -1.0000
  -1.0000  -1.0000        0
lagrangeMatixBeta
        0        0  -1.0000
        0        0  -1.0000
  -1.0000  -1.0000        0
lagrangeContantsVectorAlpha
        0
        0
  -1.0000
lagrangeContantsVectorBeta
        0
        0
  -1.0000
lagrangeSolutionAlpha
   0.5000
   0.5000
        0
lagrangeSolutionBeta
   0.5000
   0.5000
        0
extrapolated matrices - linear combos of k previous matrices
extrapolatedFockMatrixAlpha
  -19.3480   -8.3942
   -8.3942  -19.3480
extrapolatedFockMatrixBeta
  -19.3480   -8.3942
   -8.3942  -19.3480
extrapolatedErrorMatrixAlpha
        0        0
        0        0
extrapolatedErrorMatrixBeta
        0        0
        0        0
new extrapolated matrices
newExtrapolatedDensityMatrixAlpha 1
   0.5000   0.5000
   0.5000   0.5000
newExtrapolatedDensityMatrixBeta 1
   0.5000   0.5000
   0.5000   0.5000
newExtrapolatedFockMatrixAlpha 1
   -7.1760  -11.8455
  -11.8455   -7.1760
newExtrapolatedFockMatrixBeta 1
   -7.1760  -11.8455
  -11.8455   -7.1760
newExtrapolatedErrorMatrixAlpha 1
        0        0
        0        0
newExtrapolatedErrorMatrixBeta 1
        0        0
        0        0
Density matrices queue
kPrevDensityMatricesAlpha 0
        0        0
        0        0
kPrevDensityMatricesAlpha 1
   0.5000   0.5000
   0.5000   0.5000
kPrevDensityMatricesAlpha 2
   0.5000   0.5000
   0.5000   0.5000
kPrevDensityMatricesBeta 0
        0        0
        0        0
kPrevDensityMatricesBeta 1
   0.5000   0.5000
   0.5000   0.5000
kPrevDensityMatricesBeta 2
   0.5000   0.5000
   0.5000   0.5000
Fock matrices queue
kPrevFockMatricesAlpha 0
  -31.5200   -4.9429
   -4.9429  -31.5200
kPrevFockMatricesAlpha 1
   -7.1760  -11.8455
  -11.8455   -7.1760
kPrevFockMatricesAlpha 2
   -7.1760  -11.8455
  -11.8455   -7.1760
kPrevFockMatricesBeta 0
  -31.5200   -4.9429
   -4.9429  -31.5200
kPrevFockMatricesBeta 1
   -7.1760  -11.8455
  -11.8455   -7.1760
kPrevFockMatricesBeta 2
   -7.1760  -11.8455
  -11.8455   -7.1760
Error matrices queue
kPrevErrorMatricesAlpha 0
        0        0
        0        0
kPrevErrorMatricesAlpha 1
        0        0
        0        0
kPrevErrorMatricesAlpha 2
        0        0
        0        0
kPrevErrorMatricesBeta 0
        0        0
        0        0
kPrevErrorMatricesBeta 1
        0        0
        0        0
kPrevErrorMatricesBeta 2
        0        0
        0        0
Iteration count: 1, queueSize: 2, totaLEnergy-39.7099, totalEnergyOld: -39.7099
Nuclear Repulsion Energy: 15.7745 eV
Electronic energy: -55.4844 eV
Testing totalEnergy(): -39.7099
Total energy: -39.7099 eV
energyDerivative
  -4.2297   4.2297
        0        0
        0        0
coordinates before opt.
        0        0        0
   1.7250        0        0
iterationCount: 0, previousEnergy: -39.7099, currentEnergy: -40.5228, stepSize: 0.3
previous coordinates:
        0        0        0
   1.7250        0        0
energy gradient:
  -4.2297        0        0
   4.2297        0        0
new coordinates from applied forces:
   0.2121        0        0
   1.5129        0        0
iterationCount: 1, previousEnergy: -40.5228, currentEnergy: -39.2288, stepSize: 0.375
previous coordinates:
   0.2121        0        0
   1.5129        0        0
energy gradient:
   1.6091        0        0
  -1.6091        0        0
new coordinates from applied forces:
  -0.0530        0        0
   1.7780        0        0
iterationCount: 2, previousEnergy: -40.5228, currentEnergy: -40.2827, stepSize: 0.1875
previous coordinates:
   0.2121        0        0
   1.5129        0        0
energy gradient:
   1.6091        0        0
  -1.6091        0        0
new coordinates from applied forces:
   0.0795        0        0
   1.6455        0        0
iterationCount: 3, previousEnergy: -40.5228, currentEnergy: -40.5489, stepSize: 0.09375
previous coordinates:
   0.2121        0        0
   1.5129        0        0
energy gradient:
   1.6091        0        0
  -1.6091        0        0
new coordinates from applied forces:
   0.1458        0        0
   1.5792        0        0
iterationCount: 4, previousEnergy: -40.5489, currentEnergy: -40.4558, stepSize: 0.117188
previous coordinates:
   0.1458        0        0
   1.5792        0        0
energy gradient:
  -1.0466        0        0
   1.0466        0        0
new coordinates from applied forces:
   0.2287        0        0
   1.4963        0        0
iterationCount: 5, previousEnergy: -40.5489, currentEnergy: -40.5744, stepSize: 0.0585938
previous coordinates:
   0.1458        0        0
   1.5792        0        0
energy gradient:
  -1.0466        0        0
   1.0466        0        0
new coordinates from applied forces:
   0.1873        0        0
   1.5377        0        0
iterationCount: 6, previousEnergy: -40.5744, currentEnergy: -40.5238, stepSize: 0.0732422
previous coordinates:
   0.1873        0        0
   1.5377        0        0
energy gradient:
   0.4937        0        0
  -0.4937        0        0
new coordinates from applied forces:
   0.1355        0        0
   1.5895        0        0
iterationCount: 7, previousEnergy: -40.5744, currentEnergy: -40.5733, stepSize: 0.0366211
previous coordinates:
   0.1873        0        0
   1.5377        0        0
energy gradient:
   0.4937        0        0
  -0.4937        0        0
new coordinates from applied forces:
   0.1614        0        0
   1.5636        0        0
iterationCount: 8, previousEnergy: -40.5744, currentEnergy: -40.5803, stepSize: 0.0183105
previous coordinates:
   0.1873        0        0
   1.5377        0        0
energy gradient:
   0.4937        0        0
  -0.4937        0        0
new coordinates from applied forces:
   0.1743        0        0
   1.5507        0        0
iterationCount: 9, previousEnergy: -40.5803, currentEnergy: -40.5707, stepSize: 0.0228882
previous coordinates:
   0.1743        0        0
   1.5507        0        0
energy gradient:
  -0.0276        0        0
   0.0276        0        0
new coordinates from applied forces:
   0.1905        0        0
   1.5345        0        0
iterationCount: 10, previousEnergy: -40.5803, currentEnergy: -40.5782, stepSize: 0.0114441
previous coordinates:
   0.1743        0        0
   1.5507        0        0
energy gradient:
  -0.0276        0        0
   0.0276        0        0
new coordinates from applied forces:
   0.1824        0        0
   1.5426        0        0
iterationCount: 11, previousEnergy: -40.5803, currentEnergy: -40.5799, stepSize: 0.00572205
previous coordinates:
   0.1743        0        0
   1.5507        0        0
energy gradient:
  -0.0276        0        0
   0.0276        0        0
new coordinates from applied forces:
   0.1784        0        0
   1.5466        0        0
iterationCount: 12, previousEnergy: -40.5803, currentEnergy: -40.5803, stepSize: 0.00286102
previous coordinates:
   0.1743        0        0
   1.5507        0        0
energy gradient:
  -0.0276        0        0
   0.0276        0        0
new coordinates from applied forces:
   0.1763        0        0
   1.5487        0        0
iterationCount: 13, previousEnergy: -40.5803, currentEnergy: -40.5803, stepSize: 0.00143051
previous coordinates:
   0.1743        0        0
   1.5507        0        0
energy gradient:
  -0.0276        0        0
   0.0276        0        0
new coordinates from applied forces:
   0.1753        0        0
   1.5497        0        0
iterationCount: 14, previousEnergy: -40.5803, currentEnergy: -40.5803, stepSize: 0.00178814
previous coordinates:
   0.1753        0        0
   1.5497        0        0
energy gradient:
   0.0118        0        0
  -0.0118        0        0
new coordinates from applied forces:
   0.1741        0        0
   1.5509        0        0
iterationCount: 15, previousEnergy: -40.5803, currentEnergy: -40.5803, stepSize: 0.00089407
previous coordinates:
   0.1753        0        0
   1.5497        0        0
energy gradient:
   0.0118        0        0
  -0.0118        0        0
new coordinates from applied forces:
   0.1747        0        0
   1.5503        0        0
iterationCount: 16, previousEnergy: -40.5803, currentEnergy: -40.5804, stepSize: 0.000447035
previous coordinates:
   0.1753        0        0
   1.5497        0        0
energy gradient:
   0.0118        0        0
  -0.0118        0        0
new coordinates from applied forces:
   0.1750        0        0
   1.5500        0        0
coordinates after opt.
   0.1750        0        0
   1.5500        0        0
